2017-12-12 16:20:08 Notice: Deprecated (16384): Property $layout is deprecated. Use $this->viewBuilder()->layout() instead in beforeRender(). in [C:\wamp64\www\cakephp\vendor\cakephp\cakephp\src\View\ViewVarsTrait.php, line 98]
Trace:
Cake\Error\BaseErrorHandler::handleError() - CORE\src\Error\BaseErrorHandler.php, line 138
Cake\Controller\Controller::createView() - CORE\src\View\ViewVarsTrait.php, line 98
Cake\Controller\Controller::render() - CORE\src\Controller\Controller.php, line 597
Cake\Routing\Dispatcher::_invoke() - CORE\src\Routing\Dispatcher.php, line 120
Cake\Routing\Dispatcher::dispatch() - CORE\src\Routing\Dispatcher.php, line 87
[main] - ROOT\webroot\index.php, line 36



2017-12-12 16:24:57 Notice: Deprecated (16384): Property $layout is deprecated. Use $this->viewBuilder()->layout() instead in beforeRender(). in [C:\wamp64\www\cakephp\vendor\cakephp\cakephp\src\View\ViewVarsTrait.php, line 98]
Trace:
Cake\Error\BaseErrorHandler::handleError() - CORE\src\Error\BaseErrorHandler.php, line 138
Cake\Controller\Controller::createView() - CORE\src\View\ViewVarsTrait.php, line 98
Cake\Controller\Controller::render() - CORE\src\Controller\Controller.php, line 597
Cake\Routing\Dispatcher::_invoke() - CORE\src\Routing\Dispatcher.php, line 120
Cake\Routing\Dispatcher::dispatch() - CORE\src\Routing\Dispatcher.php, line 87
[main] - ROOT\webroot\index.php, line 36



2017-12-12 16:25:49 Notice: Deprecated (16384): Property $layout is deprecated. Use $this->viewBuilder()->layout() instead in beforeRender(). in [C:\wamp64\www\cakephp\vendor\cakephp\cakephp\src\View\ViewVarsTrait.php, line 98]
Trace:
Cake\Error\BaseErrorHandler::handleError() - CORE\src\Error\BaseErrorHandler.php, line 138
Cake\Controller\Controller::createView() - CORE\src\View\ViewVarsTrait.php, line 98
Cake\Controller\Controller::render() - CORE\src\Controller\Controller.php, line 597
Cake\Routing\Dispatcher::_invoke() - CORE\src\Routing\Dispatcher.php, line 120
Cake\Routing\Dispatcher::dispatch() - CORE\src\Routing\Dispatcher.php, line 87
[main] - ROOT\webroot\index.php, line 36



2017-12-12 16:30:57 Notice: Deprecated (16384): Property $layout is deprecated. Use $this->viewBuilder()->layout() instead in beforeRender(). in [C:\wamp64\www\cakephp\vendor\cakephp\cakephp\src\View\ViewVarsTrait.php, line 98]
Trace:
Cake\Error\BaseErrorHandler::handleError() - CORE\src\Error\BaseErrorHandler.php, line 138
Cake\Controller\Controller::createView() - CORE\src\View\ViewVarsTrait.php, line 98
Cake\Controller\Controller::render() - CORE\src\Controller\Controller.php, line 597
Cake\Routing\Dispatcher::_invoke() - CORE\src\Routing\Dispatcher.php, line 120
Cake\Routing\Dispatcher::dispatch() - CORE\src\Routing\Dispatcher.php, line 87
[main] - ROOT\webroot\index.php, line 36



2017-12-13 07:11:40 Notice: Deprecated (16384): Property $layout is deprecated. Use $this->viewBuilder()->layout() instead in beforeRender(). in [C:\wamp64\www\cakephp\vendor\cakephp\cakephp\src\View\ViewVarsTrait.php, line 98]
Trace:
Cake\Error\BaseErrorHandler::handleError() - CORE\src\Error\BaseErrorHandler.php, line 138
Cake\Controller\Controller::createView() - CORE\src\View\ViewVarsTrait.php, line 98
Cake\Controller\Controller::render() - CORE\src\Controller\Controller.php, line 597
Cake\Routing\Dispatcher::_invoke() - CORE\src\Routing\Dispatcher.php, line 120
Cake\Routing\Dispatcher::dispatch() - CORE\src\Routing\Dispatcher.php, line 87
[main] - ROOT\webroot\index.php, line 36



2017-12-13 08:08:06 Notice: Deprecated (16384): Property $layout is deprecated. Use $this->viewBuilder()->layout() instead in beforeRender(). in [C:\wamp64\www\cakephp\vendor\cakephp\cakephp\src\View\ViewVarsTrait.php, line 98]
Trace:
Cake\Error\BaseErrorHandler::handleError() - CORE\src\Error\BaseErrorHandler.php, line 138
Cake\Controller\Controller::createView() - CORE\src\View\ViewVarsTrait.php, line 98
Cake\Controller\Controller::render() - CORE\src\Controller\Controller.php, line 597
Cake\Routing\Dispatcher::_invoke() - CORE\src\Routing\Dispatcher.php, line 120
Cake\Routing\Dispatcher::dispatch() - CORE\src\Routing\Dispatcher.php, line 87
[main] - ROOT\webroot\index.php, line 36



2017-12-13 08:24:17 Notice: Deprecated (16384): Property $layout is deprecated. Use $this->viewBuilder()->layout() instead in beforeRender(). in [C:\wamp64\www\cakephp\vendor\cakephp\cakephp\src\View\ViewVarsTrait.php, line 98]
Trace:
Cake\Error\BaseErrorHandler::handleError() - CORE\src\Error\BaseErrorHandler.php, line 138
Cake\Controller\Controller::createView() - CORE\src\View\ViewVarsTrait.php, line 98
Cake\Controller\Controller::render() - CORE\src\Controller\Controller.php, line 597
Cake\Routing\Dispatcher::_invoke() - CORE\src\Routing\Dispatcher.php, line 120
Cake\Routing\Dispatcher::dispatch() - CORE\src\Routing\Dispatcher.php, line 87
[main] - ROOT\webroot\index.php, line 36



2017-12-13 08:24:26 Notice: Deprecated (16384): Property $layout is deprecated. Use $this->viewBuilder()->layout() instead in beforeRender(). in [C:\wamp64\www\cakephp\vendor\cakephp\cakephp\src\View\ViewVarsTrait.php, line 98]
Trace:
Cake\Error\BaseErrorHandler::handleError() - CORE\src\Error\BaseErrorHandler.php, line 138
Cake\Controller\Controller::createView() - CORE\src\View\ViewVarsTrait.php, line 98
Cake\Controller\Controller::render() - CORE\src\Controller\Controller.php, line 597
Cake\Routing\Dispatcher::_invoke() - CORE\src\Routing\Dispatcher.php, line 120
Cake\Routing\Dispatcher::dispatch() - CORE\src\Routing\Dispatcher.php, line 87
[main] - ROOT\webroot\index.php, line 36



2017-12-13 08:24:28 Notice: Deprecated (16384): Property $layout is deprecated. Use $this->viewBuilder()->layout() instead in beforeRender(). in [C:\wamp64\www\cakephp\vendor\cakephp\cakephp\src\View\ViewVarsTrait.php, line 98]
Trace:
Cake\Error\BaseErrorHandler::handleError() - CORE\src\Error\BaseErrorHandler.php, line 138
Cake\Controller\Controller::createView() - CORE\src\View\ViewVarsTrait.php, line 98
Cake\Controller\Controller::render() - CORE\src\Controller\Controller.php, line 597
Cake\Routing\Dispatcher::_invoke() - CORE\src\Routing\Dispatcher.php, line 120
Cake\Routing\Dispatcher::dispatch() - CORE\src\Routing\Dispatcher.php, line 87
[main] - ROOT\webroot\index.php, line 36



2017-12-13 08:24:41 Notice: Deprecated (16384): Property $layout is deprecated. Use $this->viewBuilder()->layout() instead in beforeRender(). in [C:\wamp64\www\cakephp\vendor\cakephp\cakephp\src\View\ViewVarsTrait.php, line 98]
Trace:
Cake\Error\BaseErrorHandler::handleError() - CORE\src\Error\BaseErrorHandler.php, line 138
Cake\Controller\Controller::createView() - CORE\src\View\ViewVarsTrait.php, line 98
Cake\Controller\Controller::render() - CORE\src\Controller\Controller.php, line 597
Cake\Routing\Dispatcher::_invoke() - CORE\src\Routing\Dispatcher.php, line 120
Cake\Routing\Dispatcher::dispatch() - CORE\src\Routing\Dispatcher.php, line 87
[main] - ROOT\webroot\index.php, line 36



2017-12-13 08:24:57 Notice: Deprecated (16384): Property $layout is deprecated. Use $this->viewBuilder()->layout() instead in beforeRender(). in [C:\wamp64\www\cakephp\vendor\cakephp\cakephp\src\View\ViewVarsTrait.php, line 98]
Trace:
Cake\Error\BaseErrorHandler::handleError() - CORE\src\Error\BaseErrorHandler.php, line 138
Cake\Controller\Controller::createView() - CORE\src\View\ViewVarsTrait.php, line 98
Cake\Controller\Controller::render() - CORE\src\Controller\Controller.php, line 597
Cake\Routing\Dispatcher::_invoke() - CORE\src\Routing\Dispatcher.php, line 120
Cake\Routing\Dispatcher::dispatch() - CORE\src\Routing\Dispatcher.php, line 87
[main] - ROOT\webroot\index.php, line 36



2017-12-13 08:25:12 Notice: Deprecated (16384): Property $layout is deprecated. Use $this->viewBuilder()->layout() instead in beforeRender(). in [C:\wamp64\www\cakephp\vendor\cakephp\cakephp\src\View\ViewVarsTrait.php, line 98]
Trace:
Cake\Error\BaseErrorHandler::handleError() - CORE\src\Error\BaseErrorHandler.php, line 138
Cake\Controller\Controller::createView() - CORE\src\View\ViewVarsTrait.php, line 98
Cake\Controller\Controller::render() - CORE\src\Controller\Controller.php, line 597
Cake\Routing\Dispatcher::_invoke() - CORE\src\Routing\Dispatcher.php, line 120
Cake\Routing\Dispatcher::dispatch() - CORE\src\Routing\Dispatcher.php, line 87
[main] - ROOT\webroot\index.php, line 36



2017-12-13 08:25:24 Notice: Deprecated (16384): Property $layout is deprecated. Use $this->viewBuilder()->layout() instead in beforeRender(). in [C:\wamp64\www\cakephp\vendor\cakephp\cakephp\src\View\ViewVarsTrait.php, line 98]
Trace:
Cake\Error\BaseErrorHandler::handleError() - CORE\src\Error\BaseErrorHandler.php, line 138
Cake\Controller\Controller::createView() - CORE\src\View\ViewVarsTrait.php, line 98
Cake\Controller\Controller::render() - CORE\src\Controller\Controller.php, line 597
Cake\Routing\Dispatcher::_invoke() - CORE\src\Routing\Dispatcher.php, line 120
Cake\Routing\Dispatcher::dispatch() - CORE\src\Routing\Dispatcher.php, line 87
[main] - ROOT\webroot\index.php, line 36



2017-12-13 08:25:26 Notice: Deprecated (16384): Property $layout is deprecated. Use $this->viewBuilder()->layout() instead in beforeRender(). in [C:\wamp64\www\cakephp\vendor\cakephp\cakephp\src\View\ViewVarsTrait.php, line 98]
Trace:
Cake\Error\BaseErrorHandler::handleError() - CORE\src\Error\BaseErrorHandler.php, line 138
Cake\Controller\Controller::createView() - CORE\src\View\ViewVarsTrait.php, line 98
Cake\Controller\Controller::render() - CORE\src\Controller\Controller.php, line 597
Cake\Routing\Dispatcher::_invoke() - CORE\src\Routing\Dispatcher.php, line 120
Cake\Routing\Dispatcher::dispatch() - CORE\src\Routing\Dispatcher.php, line 87
[main] - ROOT\webroot\index.php, line 36



2017-12-13 08:25:30 Notice: Deprecated (16384): Property $layout is deprecated. Use $this->viewBuilder()->layout() instead in beforeRender(). in [C:\wamp64\www\cakephp\vendor\cakephp\cakephp\src\View\ViewVarsTrait.php, line 98]
Trace:
Cake\Error\BaseErrorHandler::handleError() - CORE\src\Error\BaseErrorHandler.php, line 138
Cake\Controller\Controller::createView() - CORE\src\View\ViewVarsTrait.php, line 98
Cake\Controller\Controller::render() - CORE\src\Controller\Controller.php, line 597
Cake\Routing\Dispatcher::_invoke() - CORE\src\Routing\Dispatcher.php, line 120
Cake\Routing\Dispatcher::dispatch() - CORE\src\Routing\Dispatcher.php, line 87
[main] - ROOT\webroot\index.php, line 36



2017-12-13 08:27:33 Notice: Deprecated (16384): Property $layout is deprecated. Use $this->viewBuilder()->layout() instead in beforeRender(). in [C:\wamp64\www\cakephp\vendor\cakephp\cakephp\src\View\ViewVarsTrait.php, line 98]
Trace:
Cake\Error\BaseErrorHandler::handleError() - CORE\src\Error\BaseErrorHandler.php, line 138
Cake\Controller\Controller::createView() - CORE\src\View\ViewVarsTrait.php, line 98
Cake\Controller\Controller::render() - CORE\src\Controller\Controller.php, line 597
Cake\Routing\Dispatcher::_invoke() - CORE\src\Routing\Dispatcher.php, line 120
Cake\Routing\Dispatcher::dispatch() - CORE\src\Routing\Dispatcher.php, line 87
[main] - ROOT\webroot\index.php, line 36



2017-12-13 09:36:47 Notice: Deprecated (16384): Property $layout is deprecated. Use $this->viewBuilder()->layout() instead in beforeRender(). in [C:\wamp64\www\cakephp\vendor\cakephp\cakephp\src\View\ViewVarsTrait.php, line 98]
Trace:
Cake\Error\BaseErrorHandler::handleError() - CORE\src\Error\BaseErrorHandler.php, line 138
Cake\Controller\Controller::createView() - CORE\src\View\ViewVarsTrait.php, line 98
Cake\Controller\Controller::render() - CORE\src\Controller\Controller.php, line 597
Cake\Routing\Dispatcher::_invoke() - CORE\src\Routing\Dispatcher.php, line 120
Cake\Routing\Dispatcher::dispatch() - CORE\src\Routing\Dispatcher.php, line 87
[main] - ROOT\webroot\index.php, line 36



2017-12-13 09:44:13 Notice: Deprecated (16384): Property $layout is deprecated. Use $this->viewBuilder()->layout() instead in beforeRender(). in [C:\wamp64\www\cakephp\vendor\cakephp\cakephp\src\View\ViewVarsTrait.php, line 98]
Trace:
Cake\Error\BaseErrorHandler::handleError() - CORE\src\Error\BaseErrorHandler.php, line 138
Cake\Controller\Controller::createView() - CORE\src\View\ViewVarsTrait.php, line 98
Cake\Controller\Controller::render() - CORE\src\Controller\Controller.php, line 597
Cake\Routing\Dispatcher::_invoke() - CORE\src\Routing\Dispatcher.php, line 120
Cake\Routing\Dispatcher::dispatch() - CORE\src\Routing\Dispatcher.php, line 87
[main] - ROOT\webroot\index.php, line 36



2017-12-13 09:44:42 Notice: Deprecated (16384): Property $layout is deprecated. Use $this->viewBuilder()->layout() instead in beforeRender(). in [C:\wamp64\www\cakephp\vendor\cakephp\cakephp\src\View\ViewVarsTrait.php, line 98]
Trace:
Cake\Error\BaseErrorHandler::handleError() - CORE\src\Error\BaseErrorHandler.php, line 138
Cake\Controller\Controller::createView() - CORE\src\View\ViewVarsTrait.php, line 98
Cake\Controller\Controller::render() - CORE\src\Controller\Controller.php, line 597
Cake\Routing\Dispatcher::_invoke() - CORE\src\Routing\Dispatcher.php, line 120
Cake\Routing\Dispatcher::dispatch() - CORE\src\Routing\Dispatcher.php, line 87
[main] - ROOT\webroot\index.php, line 36



2017-12-13 09:45:30 Notice: Deprecated (16384): Property $layout is deprecated. Use $this->viewBuilder()->layout() instead in beforeRender(). in [C:\wamp64\www\cakephp\vendor\cakephp\cakephp\src\View\ViewVarsTrait.php, line 98]
Trace:
Cake\Error\BaseErrorHandler::handleError() - CORE\src\Error\BaseErrorHandler.php, line 138
Cake\Controller\Controller::createView() - CORE\src\View\ViewVarsTrait.php, line 98
Cake\Controller\Controller::render() - CORE\src\Controller\Controller.php, line 597
Cake\Routing\Dispatcher::_invoke() - CORE\src\Routing\Dispatcher.php, line 120
Cake\Routing\Dispatcher::dispatch() - CORE\src\Routing\Dispatcher.php, line 87
[main] - ROOT\webroot\index.php, line 36



2017-12-13 09:45:36 Notice: Deprecated (16384): Property $layout is deprecated. Use $this->viewBuilder()->layout() instead in beforeRender(). in [C:\wamp64\www\cakephp\vendor\cakephp\cakephp\src\View\ViewVarsTrait.php, line 98]
Trace:
Cake\Error\BaseErrorHandler::handleError() - CORE\src\Error\BaseErrorHandler.php, line 138
Cake\Controller\Controller::createView() - CORE\src\View\ViewVarsTrait.php, line 98
Cake\Controller\Controller::render() - CORE\src\Controller\Controller.php, line 597
Cake\Routing\Dispatcher::_invoke() - CORE\src\Routing\Dispatcher.php, line 120
Cake\Routing\Dispatcher::dispatch() - CORE\src\Routing\Dispatcher.php, line 87
[main] - ROOT\webroot\index.php, line 36



2017-12-13 09:46:20 Notice: Deprecated (16384): Property $layout is deprecated. Use $this->viewBuilder()->layout() instead in beforeRender(). in [C:\wamp64\www\cakephp\vendor\cakephp\cakephp\src\View\ViewVarsTrait.php, line 98]
Trace:
Cake\Error\BaseErrorHandler::handleError() - CORE\src\Error\BaseErrorHandler.php, line 138
Cake\Controller\Controller::createView() - CORE\src\View\ViewVarsTrait.php, line 98
Cake\Controller\Controller::render() - CORE\src\Controller\Controller.php, line 597
Cake\Routing\Dispatcher::_invoke() - CORE\src\Routing\Dispatcher.php, line 120
Cake\Routing\Dispatcher::dispatch() - CORE\src\Routing\Dispatcher.php, line 87
[main] - ROOT\webroot\index.php, line 36



2017-12-13 09:46:33 Notice: Deprecated (16384): Property $layout is deprecated. Use $this->viewBuilder()->layout() instead in beforeRender(). in [C:\wamp64\www\cakephp\vendor\cakephp\cakephp\src\View\ViewVarsTrait.php, line 98]
Trace:
Cake\Error\BaseErrorHandler::handleError() - CORE\src\Error\BaseErrorHandler.php, line 138
Cake\Controller\Controller::createView() - CORE\src\View\ViewVarsTrait.php, line 98
Cake\Controller\Controller::render() - CORE\src\Controller\Controller.php, line 597
Cake\Routing\Dispatcher::_invoke() - CORE\src\Routing\Dispatcher.php, line 120
Cake\Routing\Dispatcher::dispatch() - CORE\src\Routing\Dispatcher.php, line 87
[main] - ROOT\webroot\index.php, line 36



2017-12-13 09:46:46 Notice: Deprecated (16384): Property $layout is deprecated. Use $this->viewBuilder()->layout() instead in beforeRender(). in [C:\wamp64\www\cakephp\vendor\cakephp\cakephp\src\View\ViewVarsTrait.php, line 98]
Trace:
Cake\Error\BaseErrorHandler::handleError() - CORE\src\Error\BaseErrorHandler.php, line 138
Cake\Controller\Controller::createView() - CORE\src\View\ViewVarsTrait.php, line 98
Cake\Controller\Controller::render() - CORE\src\Controller\Controller.php, line 597
Cake\Routing\Dispatcher::_invoke() - CORE\src\Routing\Dispatcher.php, line 120
Cake\Routing\Dispatcher::dispatch() - CORE\src\Routing\Dispatcher.php, line 87
[main] - ROOT\webroot\index.php, line 36



2017-12-13 09:46:59 Notice: Deprecated (16384): Property $layout is deprecated. Use $this->viewBuilder()->layout() instead in beforeRender(). in [C:\wamp64\www\cakephp\vendor\cakephp\cakephp\src\View\ViewVarsTrait.php, line 98]
Trace:
Cake\Error\BaseErrorHandler::handleError() - CORE\src\Error\BaseErrorHandler.php, line 138
Cake\Controller\Controller::createView() - CORE\src\View\ViewVarsTrait.php, line 98
Cake\Controller\Controller::render() - CORE\src\Controller\Controller.php, line 597
Cake\Routing\Dispatcher::_invoke() - CORE\src\Routing\Dispatcher.php, line 120
Cake\Routing\Dispatcher::dispatch() - CORE\src\Routing\Dispatcher.php, line 87
[main] - ROOT\webroot\index.php, line 36



2017-12-13 09:47:47 Notice: Deprecated (16384): Property $layout is deprecated. Use $this->viewBuilder()->layout() instead in beforeRender(). in [C:\wamp64\www\cakephp\vendor\cakephp\cakephp\src\View\ViewVarsTrait.php, line 98]
Trace:
Cake\Error\BaseErrorHandler::handleError() - CORE\src\Error\BaseErrorHandler.php, line 138
Cake\Controller\Controller::createView() - CORE\src\View\ViewVarsTrait.php, line 98
Cake\Controller\Controller::render() - CORE\src\Controller\Controller.php, line 597
Cake\Routing\Dispatcher::_invoke() - CORE\src\Routing\Dispatcher.php, line 120
Cake\Routing\Dispatcher::dispatch() - CORE\src\Routing\Dispatcher.php, line 87
[main] - ROOT\webroot\index.php, line 36



2017-12-13 09:47:56 Notice: Deprecated (16384): Property $layout is deprecated. Use $this->viewBuilder()->layout() instead in beforeRender(). in [C:\wamp64\www\cakephp\vendor\cakephp\cakephp\src\View\ViewVarsTrait.php, line 98]
Trace:
Cake\Error\BaseErrorHandler::handleError() - CORE\src\Error\BaseErrorHandler.php, line 138
Cake\Controller\Controller::createView() - CORE\src\View\ViewVarsTrait.php, line 98
Cake\Controller\Controller::render() - CORE\src\Controller\Controller.php, line 597
Cake\Routing\Dispatcher::_invoke() - CORE\src\Routing\Dispatcher.php, line 120
Cake\Routing\Dispatcher::dispatch() - CORE\src\Routing\Dispatcher.php, line 87
[main] - ROOT\webroot\index.php, line 36



2017-12-13 09:48:32 Notice: Deprecated (16384): Property $layout is deprecated. Use $this->viewBuilder()->layout() instead in beforeRender(). in [C:\wamp64\www\cakephp\vendor\cakephp\cakephp\src\View\ViewVarsTrait.php, line 98]
Trace:
Cake\Error\BaseErrorHandler::handleError() - CORE\src\Error\BaseErrorHandler.php, line 138
Cake\Controller\Controller::createView() - CORE\src\View\ViewVarsTrait.php, line 98
Cake\Controller\Controller::render() - CORE\src\Controller\Controller.php, line 597
Cake\Routing\Dispatcher::_invoke() - CORE\src\Routing\Dispatcher.php, line 120
Cake\Routing\Dispatcher::dispatch() - CORE\src\Routing\Dispatcher.php, line 87
[main] - ROOT\webroot\index.php, line 36



2017-12-13 09:48:49 Notice: Deprecated (16384): Property $layout is deprecated. Use $this->viewBuilder()->layout() instead in beforeRender(). in [C:\wamp64\www\cakephp\vendor\cakephp\cakephp\src\View\ViewVarsTrait.php, line 98]
Trace:
Cake\Error\BaseErrorHandler::handleError() - CORE\src\Error\BaseErrorHandler.php, line 138
Cake\Controller\Controller::createView() - CORE\src\View\ViewVarsTrait.php, line 98
Cake\Controller\Controller::render() - CORE\src\Controller\Controller.php, line 597
Cake\Routing\Dispatcher::_invoke() - CORE\src\Routing\Dispatcher.php, line 120
Cake\Routing\Dispatcher::dispatch() - CORE\src\Routing\Dispatcher.php, line 87
[main] - ROOT\webroot\index.php, line 36



2017-12-13 13:24:57 Notice: Notice (8): Undefined variable: his in [C:\wamp64\www\workout\cakephp\src\Controller\PrestatairesController.php, line 9]
Trace:
Cake\Error\BaseErrorHandler::handleError() - CORE\src\Error\BaseErrorHandler.php, line 138
App\Controller\PrestatairesController::index() - APP/Controller\PrestatairesController.php, line 9
Cake\Controller\Controller::invokeAction() - CORE\src\Controller\Controller.php, line 416
Cake\Routing\Dispatcher::_invoke() - CORE\src\Routing\Dispatcher.php, line 114
Cake\Routing\Dispatcher::dispatch() - CORE\src\Routing\Dispatcher.php, line 87
[main] - ROOT\webroot\index.php, line 36



2017-12-13 13:24:57 Notice: Notice (8): Trying to get property of non-object in [C:\wamp64\www\workout\cakephp\src\Controller\PrestatairesController.php, line 9]
Trace:
Cake\Error\BaseErrorHandler::handleError() - CORE\src\Error\BaseErrorHandler.php, line 138
App\Controller\PrestatairesController::index() - APP/Controller\PrestatairesController.php, line 9
Cake\Controller\Controller::invokeAction() - CORE\src\Controller\Controller.php, line 416
Cake\Routing\Dispatcher::_invoke() - CORE\src\Routing\Dispatcher.php, line 114
Cake\Routing\Dispatcher::dispatch() - CORE\src\Routing\Dispatcher.php, line 87
[main] - ROOT\webroot\index.php, line 36



